2023-06-16 02:20:21,770 :INFO : test_millie :PC 환경 테스트를 시작합니다.
2023-06-16 02:20:21,777 :INFO : test_step_1 :step-1 : Millie 로고 클릭 시 상단 이동 테스트를 시작합니다.
2023-06-16 02:20:23,821 :INFO : test_step_1 :MILLIE 로고를 클릭하여 페이지 최상단으로 이동하였습니다.
2023-06-16 02:20:24,830 :INFO : test_step_2 :step-2 : 광고 1 테스트를 시작합니다.
2023-06-16 02:20:24,873 :INFO : test_step_2 :광고 1 영상 재생이 시작되었습니다.
2023-06-16 02:20:29,879 :INFO : test_step_2 :페이지가 새로고침 되었습니다.
2023-06-16 02:20:30,888 :INFO : test_step_3 :step-3 : 관심 분야별 테스트를 시작합니다.
2023-06-16 02:20:30,898 :INFO : test_step_3 :관심 분야별 책 섹션으로 이동하였습니다.
2023-06-16 02:20:32,925 :INFO : test_step_3 :각각의 typeBtn이 클릭되었습니다.
2023-06-16 02:20:34,447 :INFO : test_step_3 :각각의 typeBtn이 클릭되었습니다.
2023-06-16 02:20:35,972 :INFO : test_step_3 :각각의 typeBtn이 클릭되었습니다.
2023-06-16 02:20:37,494 :INFO : test_step_3 :각각의 typeBtn이 클릭되었습니다.
2023-06-16 02:20:39,016 :INFO : test_step_3 :각각의 typeBtn이 클릭되었습니다.
2023-06-16 02:20:41,524 :INFO : test_step_4 :step-4 : 오디오북과 밀리뷰어
2023-06-16 02:20:41,536 :INFO : test_step_4 :오디오북과 밀리뷰어 섹션으로 이동하였습니다.
2023-06-16 02:20:41,565 :INFO : test_step_4 :exampleNumBtn이 클릭되었습니다.
2023-06-16 02:20:43,583 :INFO : test_step_4 :exampleNumBtn이 클릭되었습니다.
2023-06-16 02:20:45,602 :INFO : test_step_4 :exampleNumBtn이 클릭되었습니다.
2023-06-16 02:20:47,621 :INFO : test_step_4 :exampleNumBtn이 클릭되었습니다.
2023-06-16 02:20:49,628 :INFO : test_step_4 :현재 기준 scroll_y를 50 만큼 상단으로 이동하였습니다.
2023-06-16 02:20:49,686 :INFO : test_step_4 :viewerNumBtn이 클릭되었습니다.
2023-06-16 02:20:51,707 :INFO : test_step_4 :viewerNumBtn이 클릭되었습니다.
2023-06-16 02:20:53,727 :INFO : test_step_4 :viewerNumBtn이 클릭되었습니다.
2023-06-16 02:20:55,746 :INFO : test_step_4 :viewerNumBtn이 클릭되었습니다.
2023-06-16 02:20:57,755 :INFO : test_step_5 :step-5 : 광고 2 (구독 이야기) 테스트를 시작합니다.
2023-06-16 02:20:57,765 :INFO : test_step_5 :광고 2 (구독 이야기) 섹션으로 이동하였습니다.
2023-06-16 02:20:57,791 :INFO : test_step_5 :광고 2 영상 재생이 시작되었습니다.
2023-06-16 02:21:02,794 :INFO : test_step_5 :페이지가 새로고침 되었습니다.
2023-06-16 02:21:03,802 :INFO : test_step_6 :step-6 : 자주 묻는 질문 테스트를 시작합니다.
2023-06-16 02:21:03,812 :INFO : test_step_6 :자주 묻는 질문 섹션으로 이동하였습니다.
2023-06-16 02:21:03,871 :INFO : test_step_6 :qaAccordionItem을 클릭하였습니다.
2023-06-16 02:21:04,908 :INFO : test_step_6 :qaAccordionItem을 클릭하였습니다.
2023-06-16 02:21:05,937 :INFO : test_step_6 :qaAccordionItem을 클릭하였습니다.
2023-06-16 02:21:06,970 :INFO : test_step_6 :qaAccordionItem을 클릭하였습니다.
2023-06-16 02:21:07,990 :INFO : test_step_7 :step-7 : Footer 테스트를 시작합니다.
2023-06-16 02:21:07,998 :INFO : test_step_7 :Footer 섹션으로 이동하였습니다.
2023-06-16 02:21:08,027 :INFO : test_step_7 :Footer의 businessInfoTit을 클릭하였습니다.
2023-06-16 02:21:09,062 :INFO : test_step_7 :Footer의 businessInfoTit을 클릭하였습니다.
2023-06-16 02:21:09,292 :INFO : test_millie :아이폰 12 Pro 기준 Mobile 환경 테스트를 시작합니다.
2023-06-16 02:21:09,301 :INFO : test_step_8 :step-8 : 햄버거 버튼 테스트를 시작합니다.
2023-06-16 02:21:09,333 :INFO : test_step_8 :햄버거 버튼 메뉴를 클릭하였습니다.
2023-06-16 02:21:10,871 :INFO : test_step_8 :햄버거 버튼을 클릭하였습니다.
2023-06-16 02:21:11,881 :INFO : test_step_9 :step-9 : 책 드래그 기능 테스트를 시작합니다.
2023-06-16 02:21:11,890 :INFO : test_step_9 :책 드래그 기능 섹션으로 이동하였습니다.
2023-06-16 02:21:11,923 :INFO : test_step_9 :typeBtn이 클릭되었습니다.
2023-06-16 02:21:13,489 :INFO : test_step_9 :typeBtn이 클릭되었습니다.
2023-06-16 02:21:15,049 :INFO : test_step_9 :typeBtn이 클릭되었습니다.
2023-06-16 02:21:16,615 :INFO : test_step_9 :typeBtn이 클릭되었습니다.
2023-06-16 02:21:18,184 :INFO : test_step_9 :typeBtn이 클릭되었습니다.
2023-06-16 02:21:19,721 :INFO : test_millie :모든 자동화 테스트가 끝났습니다.
